==== run 2025-07-02_12-11-11 ====
[1/2] takePicture.py …
Capturing from webcam 0 ...
Saved Source_Images\Webcam_Capture.jpg
[2/2] main.py …
Enter the path to the image: Image found: C:\Users\Stephen\OneDrive - UWE Bristol\YEAR 3\CCTP\Prototype\Pimeyes-scraper\Source_Images\Webcam_Capture.jpg
Traceback (most recent call last):
  File "C:\Users\Stephen\OneDrive - UWE Bristol\YEAR 3\CCTP\Prototype\Pimeyes-scraper\main.py", line 43, in upload
    print("\u231b Waiting for the page to load...")
    ~~~~~^^^^^^^^^^^^^^^^^^^^^^^^^^^^^^^^^^^^^^
  File "C:\Users\Stephen\AppData\Local\Programs\Python\Python313\Lib\encodings\cp1252.py", line 19, in encode
    return codecs.charmap_encode(input,self.errors,encoding_table)[0]
           ~~~~~~~~~~~~~~~~~~~~~^^^^^^^^^^^^^^^^^^^^^^^^^^^^^^^^^^
UnicodeEncodeError: 'charmap' codec can't encode character '\u231b' in position 0: character maps to <undefined>

During handling of the above exception, another exception occurred:

Traceback (most recent call last):
  File "C:\Users\Stephen\OneDrive - UWE Bristol\YEAR 3\CCTP\Prototype\Pimeyes-scraper\main.py", line 166, in <module>
    main()
    ~~~~^^
  File "C:\Users\Stephen\OneDrive - UWE Bristol\YEAR 3\CCTP\Prototype\Pimeyes-scraper\main.py", line 162, in main
    upload(URL, image_path)
    ~~~~~~^^^^^^^^^^^^^^^^^
  File "C:\Users\Stephen\OneDrive - UWE Bristol\YEAR 3\CCTP\Prototype\Pimeyes-scraper\main.py", line 145, in upload
    print(f"\u274c An error occurred: {e}")
    ~~~~~^^^^^^^^^^^^^^^^^^^^^^^^^^^^^^
  File "C:\Users\Stephen\AppData\Local\Programs\Python\Python313\Lib\encodings\cp1252.py", line 19, in encode
    return codecs.charmap_encode(input,self.errors,encoding_table)[0]
           ~~~~~~~~~~~~~~~~~~~~~^^^^^^^^^^^^^^^^^^^^^^^^^^^^^^^^^^
UnicodeEncodeError: 'charmap' codec can't encode character '\u274c' in position 0: character maps to <undefined>
==== finished ====
